/*C1*/SET SCHEMA SYSTEM_LOBS
INSERT INTO BLOCKS VALUES(0,2147483647,0)
COMMIT
/*C2*/SET SCHEMA PUBLIC
create table Log (id integer not null, date timestamp, message varchar(255) not null, primary key (id))
create table role (id bigint generated by default as identity (start with 1), name varchar(255), primary key (id))
create table User (id bigint not null, age integer not null, birthday timestamp not null, gender varchar(255) not null, role varchar(255) not null, username varchar(255) not null, primary key (id))
create table user_login (id bigint generated by default as identity (start with 1), password varchar(255), username varchar(255), primary key (id))
create table user_login_roles (user_login_id bigint not null, role_id bigint not null, primary key (user_login_id, role_id))
create sequence hibernate_sequence start with 1 increment by 1
alter table user_login_roles add constraint FKg3cooeq78hvrxq21bbo7brpvv foreign key (role_id) references role
alter table user_login_roles add constraint FKm768xx6y16g9hfs7p5vn0mmim foreign key (user_login_id) references user_login
/*C3*/SET SCHEMA PUBLIC
CREATE TABLE "PUBLIC"."flyway_schema_history" (\u000a    "installed_rank" INT NOT NULL,\u000a    "version" VARCHAR(50),\u000a    "description" VARCHAR(200) NOT NULL,\u000a    "type" VARCHAR(20) NOT NULL,\u000a    "script" VARCHAR(1000) NOT NULL,\u000a    "checksum" INT,\u000a    "installed_by" VARCHAR(100) NOT NULL,\u000a    "installed_on" TIMESTAMP DEFAULT CURRENT_TIMESTAMP NOT NULL,\u000a    "execution_time" INT NOT NULL,\u000a    "success" BIT NOT NULL\u000a)
ALTER TABLE "PUBLIC"."flyway_schema_history" ADD CONSTRAINT "flyway_schema_history_pk" PRIMARY KEY ("installed_rank")
CREATE INDEX "PUBLIC"."flyway_schema_history_s_idx" ON "PUBLIC"."flyway_schema_history" ("success")
SET SCHEMA "PUBLIC"
INSERT INTO "flyway_schema_history" VALUES(1,'1','<< Flyway Baseline >>','BASELINE','<< Flyway Baseline >>',NULL,'SA','2024-09-26 14:36:43.191000',0,'1')
COMMIT
SET SCHEMA "PUBLIC"
INSERT INTO ROLE VALUES(1,'ROLE_ADMIN')
INSERT INTO ROLE VALUES(2,'ROLE_USER')
INSERT INTO USER_LOGIN VALUES(1,'$2a$10$R34JhN/d/uWo31HV7HFoNuManrr2NaENZzzEC/s7TQmUZr6GRBGca','admin')
INSERT INTO USER_LOGIN VALUES(2,'$2a$10$kSXtYBhDTbVmCGgIZiQQLenEwK93e6zv4vfv0hp2jzfAQKygxMOFC','user')
INSERT INTO USER_LOGIN_ROLES VALUES(1,1)
INSERT INTO USER_LOGIN_ROLES VALUES(1,2)
INSERT INTO USER_LOGIN_ROLES VALUES(2,2)
INSERT INTO USER VALUES(1,22,'2020-01-08 00:00:00.000000','male','Front-End Developer','Kenny Geraldy')
INSERT INTO USER VALUES(2,23,'2020-01-08 00:00:00.000000','male','Back-End Developer','Jona Kentut')
INSERT INTO USER VALUES(3,25,'2000-11-02 00:00:00.000000','female','Front-End Developer','Kezia Amelia')
INSERT INTO USER VALUES(4,27,'2010-02-02 00:00:00.000000','female','Full-Stack Developer','Nathania Coa')
INSERT INTO "flyway_schema_history" VALUES(2,'1.1','User login data','SQL','V1.1__User_login_data.sql',111715248,'SA','2024-09-26 14:36:43.207000',3,'1')
COMMIT
SET SCHEMA "PUBLIC"
DISCONNECT
